<?xml version="1.0" encoding="UTF-8"?>
<testsuite xmlns:xsi="http://www.w3.org/2001/XMLSchema-instance" xsi:noNamespaceSchemaLocation="https://maven.apache.org/surefire/maven-surefire-plugin/xsd/surefire-test-report-3.0.xsd" version="3.0" name="com.testrunner.TestRunner" time="8.999" tests="4" errors="0" skipped="0" failures="0">
  <properties>
    <property name="gopherProxySet" value="false"/>
    <property name="awt.toolkit" value="sun.lwawt.macosx.LWCToolkit"/>
    <property name="file.encoding.pkg" value="sun.io"/>
    <property name="java.specification.version" value="1.8"/>
    <property name="sun.cpu.isalist" value=""/>
    <property name="sun.jnu.encoding" value="UTF-8"/>
    <property name="java.class.path" value="/Users/kishorebramhamdam/Test/deltadental/target/test-classes:/Users/kishorebramhamdam/Test/deltadental/target/classes:/Users/kishorebramhamdam/.m2/repository/org/seleniumhq/selenium/selenium-java/3.7.0/selenium-java-3.7.0.jar:/Users/kishorebramhamdam/.m2/repository/org/seleniumhq/selenium/selenium-api/3.7.0/selenium-api-3.7.0.jar:/Users/kishorebramhamdam/.m2/repository/org/seleniumhq/selenium/selenium-edge-driver/3.7.0/selenium-edge-driver-3.7.0.jar:/Users/kishorebramhamdam/.m2/repository/org/seleniumhq/selenium/selenium-firefox-driver/3.7.0/selenium-firefox-driver-3.7.0.jar:/Users/kishorebramhamdam/.m2/repository/org/seleniumhq/selenium/selenium-ie-driver/3.7.0/selenium-ie-driver-3.7.0.jar:/Users/kishorebramhamdam/.m2/repository/org/seleniumhq/selenium/selenium-opera-driver/3.7.0/selenium-opera-driver-3.7.0.jar:/Users/kishorebramhamdam/.m2/repository/org/seleniumhq/selenium/selenium-remote-driver/3.7.0/selenium-remote-driver-3.7.0.jar:/Users/kishorebramhamdam/.m2/repository/org/seleniumhq/selenium/selenium-safari-driver/3.7.0/selenium-safari-driver-3.7.0.jar:/Users/kishorebramhamdam/.m2/repository/org/seleniumhq/selenium/selenium-support/3.7.0/selenium-support-3.7.0.jar:/Users/kishorebramhamdam/.m2/repository/net/bytebuddy/byte-buddy/1.7.5/byte-buddy-1.7.5.jar:/Users/kishorebramhamdam/.m2/repository/org/apache/commons/commons-exec/1.3/commons-exec-1.3.jar:/Users/kishorebramhamdam/.m2/repository/commons-codec/commons-codec/1.10/commons-codec-1.10.jar:/Users/kishorebramhamdam/.m2/repository/commons-logging/commons-logging/1.2/commons-logging-1.2.jar:/Users/kishorebramhamdam/.m2/repository/com/google/code/gson/gson/2.8.2/gson-2.8.2.jar:/Users/kishorebramhamdam/.m2/repository/com/google/guava/guava/23.0/guava-23.0.jar:/Users/kishorebramhamdam/.m2/repository/com/google/code/findbugs/jsr305/1.3.9/jsr305-1.3.9.jar:/Users/kishorebramhamdam/.m2/repository/com/google/errorprone/error_prone_annotations/2.0.18/error_prone_annotations-2.0.18.jar:/Users/kishorebramhamdam/.m2/repository/com/google/j2objc/j2objc-annotations/1.1/j2objc-annotations-1.1.jar:/Users/kishorebramhamdam/.m2/repository/org/codehaus/mojo/animal-sniffer-annotations/1.14/animal-sniffer-annotations-1.14.jar:/Users/kishorebramhamdam/.m2/repository/org/apache/httpcomponents/httpclient/4.5.3/httpclient-4.5.3.jar:/Users/kishorebramhamdam/.m2/repository/org/apache/httpcomponents/httpcore/4.4.6/httpcore-4.4.6.jar:/Users/kishorebramhamdam/.m2/repository/junit/junit/4.12/junit-4.12.jar:/Users/kishorebramhamdam/.m2/repository/org/hamcrest/hamcrest-core/1.3/hamcrest-core-1.3.jar:/Users/kishorebramhamdam/.m2/repository/info/cukes/cucumber-java/1.2.5/cucumber-java-1.2.5.jar:/Users/kishorebramhamdam/.m2/repository/info/cukes/cucumber-core/1.2.5/cucumber-core-1.2.5.jar:/Users/kishorebramhamdam/.m2/repository/info/cukes/cucumber-html/0.2.3/cucumber-html-0.2.3.jar:/Users/kishorebramhamdam/.m2/repository/info/cukes/gherkin/2.12.2/gherkin-2.12.2.jar:/Users/kishorebramhamdam/.m2/repository/info/cukes/cucumber-jvm-deps/1.0.5/cucumber-jvm-deps-1.0.5.jar:/Users/kishorebramhamdam/.m2/repository/info/cukes/cucumber-junit/1.2.5/cucumber-junit-1.2.5.jar:/Users/kishorebramhamdam/.m2/repository/org/seleniumhq/selenium/selenium-chrome-driver/3.7.0/selenium-chrome-driver-3.7.0.jar:"/>
    <property name="java.vm.vendor" value="Oracle Corporation"/>
    <property name="sun.arch.data.model" value="64"/>
    <property name="java.vendor.url" value="http://java.oracle.com/"/>
    <property name="user.timezone" value=""/>
    <property name="java.vm.specification.version" value="1.8"/>
    <property name="os.name" value="Mac OS X"/>
    <property name="user.country" value="US"/>
    <property name="sun.java.launcher" value="SUN_STANDARD"/>
    <property name="sun.boot.library.path" value="/Library/Java/JavaVirtualMachines/jdk1.8.0_141.jdk/Contents/Home/jre/lib"/>
    <property name="sun.java.command" value="/Users/kishorebramhamdam/Test/deltadental/target/surefire/surefirebooter7409379763322484392.jar /Users/kishorebramhamdam/Test/deltadental/target/surefire 2020-12-21T19-50-54_387-jvmRun1 surefire7691140020440653437tmp surefire_0108288910085451097tmp"/>
    <property name="http.nonProxyHosts" value="local|*.local|169.254/16|*.169.254/16"/>
    <property name="surefire.test.class.path" value="/Users/kishorebramhamdam/Test/deltadental/target/test-classes:/Users/kishorebramhamdam/Test/deltadental/target/classes:/Users/kishorebramhamdam/.m2/repository/org/seleniumhq/selenium/selenium-java/3.7.0/selenium-java-3.7.0.jar:/Users/kishorebramhamdam/.m2/repository/org/seleniumhq/selenium/selenium-api/3.7.0/selenium-api-3.7.0.jar:/Users/kishorebramhamdam/.m2/repository/org/seleniumhq/selenium/selenium-edge-driver/3.7.0/selenium-edge-driver-3.7.0.jar:/Users/kishorebramhamdam/.m2/repository/org/seleniumhq/selenium/selenium-firefox-driver/3.7.0/selenium-firefox-driver-3.7.0.jar:/Users/kishorebramhamdam/.m2/repository/org/seleniumhq/selenium/selenium-ie-driver/3.7.0/selenium-ie-driver-3.7.0.jar:/Users/kishorebramhamdam/.m2/repository/org/seleniumhq/selenium/selenium-opera-driver/3.7.0/selenium-opera-driver-3.7.0.jar:/Users/kishorebramhamdam/.m2/repository/org/seleniumhq/selenium/selenium-remote-driver/3.7.0/selenium-remote-driver-3.7.0.jar:/Users/kishorebramhamdam/.m2/repository/org/seleniumhq/selenium/selenium-safari-driver/3.7.0/selenium-safari-driver-3.7.0.jar:/Users/kishorebramhamdam/.m2/repository/org/seleniumhq/selenium/selenium-support/3.7.0/selenium-support-3.7.0.jar:/Users/kishorebramhamdam/.m2/repository/net/bytebuddy/byte-buddy/1.7.5/byte-buddy-1.7.5.jar:/Users/kishorebramhamdam/.m2/repository/org/apache/commons/commons-exec/1.3/commons-exec-1.3.jar:/Users/kishorebramhamdam/.m2/repository/commons-codec/commons-codec/1.10/commons-codec-1.10.jar:/Users/kishorebramhamdam/.m2/repository/commons-logging/commons-logging/1.2/commons-logging-1.2.jar:/Users/kishorebramhamdam/.m2/repository/com/google/code/gson/gson/2.8.2/gson-2.8.2.jar:/Users/kishorebramhamdam/.m2/repository/com/google/guava/guava/23.0/guava-23.0.jar:/Users/kishorebramhamdam/.m2/repository/com/google/code/findbugs/jsr305/1.3.9/jsr305-1.3.9.jar:/Users/kishorebramhamdam/.m2/repository/com/google/errorprone/error_prone_annotations/2.0.18/error_prone_annotations-2.0.18.jar:/Users/kishorebramhamdam/.m2/repository/com/google/j2objc/j2objc-annotations/1.1/j2objc-annotations-1.1.jar:/Users/kishorebramhamdam/.m2/repository/org/codehaus/mojo/animal-sniffer-annotations/1.14/animal-sniffer-annotations-1.14.jar:/Users/kishorebramhamdam/.m2/repository/org/apache/httpcomponents/httpclient/4.5.3/httpclient-4.5.3.jar:/Users/kishorebramhamdam/.m2/repository/org/apache/httpcomponents/httpcore/4.4.6/httpcore-4.4.6.jar:/Users/kishorebramhamdam/.m2/repository/junit/junit/4.12/junit-4.12.jar:/Users/kishorebramhamdam/.m2/repository/org/hamcrest/hamcrest-core/1.3/hamcrest-core-1.3.jar:/Users/kishorebramhamdam/.m2/repository/info/cukes/cucumber-java/1.2.5/cucumber-java-1.2.5.jar:/Users/kishorebramhamdam/.m2/repository/info/cukes/cucumber-core/1.2.5/cucumber-core-1.2.5.jar:/Users/kishorebramhamdam/.m2/repository/info/cukes/cucumber-html/0.2.3/cucumber-html-0.2.3.jar:/Users/kishorebramhamdam/.m2/repository/info/cukes/gherkin/2.12.2/gherkin-2.12.2.jar:/Users/kishorebramhamdam/.m2/repository/info/cukes/cucumber-jvm-deps/1.0.5/cucumber-jvm-deps-1.0.5.jar:/Users/kishorebramhamdam/.m2/repository/info/cukes/cucumber-junit/1.2.5/cucumber-junit-1.2.5.jar:/Users/kishorebramhamdam/.m2/repository/org/seleniumhq/selenium/selenium-chrome-driver/3.7.0/selenium-chrome-driver-3.7.0.jar:"/>
    <property name="sun.cpu.endian" value="little"/>
    <property name="user.home" value="/Users/kishorebramhamdam"/>
    <property name="user.language" value="en"/>
    <property name="java.specification.vendor" value="Oracle Corporation"/>
    <property name="java.home" value="/Library/Java/JavaVirtualMachines/jdk1.8.0_141.jdk/Contents/Home/jre"/>
    <property name="basedir" value="/Users/kishorebramhamdam/Test/deltadental"/>
    <property name="file.separator" value="/"/>
    <property name="line.separator" value="&#10;"/>
    <property name="java.vm.specification.vendor" value="Oracle Corporation"/>
    <property name="java.specification.name" value="Java Platform API Specification"/>
    <property name="java.awt.graphicsenv" value="sun.awt.CGraphicsEnvironment"/>
    <property name="surefire.real.class.path" value="/Users/kishorebramhamdam/Test/deltadental/target/surefire/surefirebooter7409379763322484392.jar"/>
    <property name="sun.boot.class.path" value="/Library/Java/JavaVirtualMachines/jdk1.8.0_141.jdk/Contents/Home/jre/lib/resources.jar:/Library/Java/JavaVirtualMachines/jdk1.8.0_141.jdk/Contents/Home/jre/lib/rt.jar:/Library/Java/JavaVirtualMachines/jdk1.8.0_141.jdk/Contents/Home/jre/lib/sunrsasign.jar:/Library/Java/JavaVirtualMachines/jdk1.8.0_141.jdk/Contents/Home/jre/lib/jsse.jar:/Library/Java/JavaVirtualMachines/jdk1.8.0_141.jdk/Contents/Home/jre/lib/jce.jar:/Library/Java/JavaVirtualMachines/jdk1.8.0_141.jdk/Contents/Home/jre/lib/charsets.jar:/Library/Java/JavaVirtualMachines/jdk1.8.0_141.jdk/Contents/Home/jre/lib/jfr.jar:/Library/Java/JavaVirtualMachines/jdk1.8.0_141.jdk/Contents/Home/jre/classes"/>
    <property name="sun.management.compiler" value="HotSpot 64-Bit Tiered Compilers"/>
    <property name="ftp.nonProxyHosts" value="local|*.local|169.254/16|*.169.254/16"/>
    <property name="java.runtime.version" value="1.8.0_141-b15"/>
    <property name="user.name" value="kishorebramhamdam"/>
    <property name="path.separator" value=":"/>
    <property name="os.version" value="10.16"/>
    <property name="java.endorsed.dirs" value="/Library/Java/JavaVirtualMachines/jdk1.8.0_141.jdk/Contents/Home/jre/lib/endorsed"/>
    <property name="java.runtime.name" value="Java(TM) SE Runtime Environment"/>
    <property name="file.encoding" value="UTF-8"/>
    <property name="java.vm.name" value="Java HotSpot(TM) 64-Bit Server VM"/>
    <property name="localRepository" value="/Users/kishorebramhamdam/.m2/repository"/>
    <property name="java.vendor.url.bug" value="http://bugreport.sun.com/bugreport/"/>
    <property name="java.io.tmpdir" value="/var/folders/pl/zx2hp_31623f3316f65lm_wc0000gn/T/"/>
    <property name="java.version" value="1.8.0_141"/>
    <property name="user.dir" value="/Users/kishorebramhamdam/Test/deltadental"/>
    <property name="os.arch" value="x86_64"/>
    <property name="java.vm.specification.name" value="Java Virtual Machine Specification"/>
    <property name="java.awt.printerjob" value="sun.lwawt.macosx.CPrinterJob"/>
    <property name="sun.os.patch.level" value="unknown"/>
    <property name="java.library.path" value="/Users/kishorebramhamdam/Library/Java/Extensions:/Library/Java/Extensions:/Network/Library/Java/Extensions:/System/Library/Java/Extensions:/usr/lib/java:."/>
    <property name="java.vm.info" value="mixed mode"/>
    <property name="java.vendor" value="Oracle Corporation"/>
    <property name="java.vm.version" value="25.141-b15"/>
    <property name="java.ext.dirs" value="/Users/kishorebramhamdam/Library/Java/Extensions:/Library/Java/JavaVirtualMachines/jdk1.8.0_141.jdk/Contents/Home/jre/lib/ext:/Library/Java/Extensions:/Network/Library/Java/Extensions:/System/Library/Java/Extensions:/usr/lib/java"/>
    <property name="sun.io.unicode.encoding" value="UnicodeBig"/>
    <property name="java.class.version" value="52.0"/>
    <property name="socksNonProxyHosts" value="local|*.local|169.254/16|*.169.254/16"/>
  </properties>
  <testcase name="Given click on find dentist from home page" classname="Scenario: Find Doctor from western dental for zip code 94105" time="0">
    <system-out><![CDATA[Feature: Search Doctor from particular zip code and filter western dental from results
  I want to use this template for my feature file
]]></system-out>
    <system-err><![CDATA[Starting ChromeDriver 87.0.4280.88 (89e2380a3e36c3464b5dd1302349b1382549290d-refs/branch-heads/4280@{#1761}) on port 40233
Only local connections are allowed.
Please see https://chromedriver.chromium.org/security-considerations for suggestions on keeping ChromeDriver safe.
ChromeDriver was started successfully.
Dec 21, 2020 7:50:59 PM org.openqa.selenium.remote.ProtocolHandshake createSession
INFO: Detected dialect: W3C
]]></system-err>
  </testcase>
  <testcase name="When select zip code as 94105 and provider as &quot;DeltaCare USA&quot; from dropdown" classname="Scenario: Find Doctor from western dental for zip code 94105" time="0"/>
  <testcase name="Then search &quot;western dental&quot; from search page" classname="Scenario: Find Doctor from western dental for zip code 94105" time="0">
    <system-out><![CDATA[null
]]></system-out>
  </testcase>
  <testcase name="" classname="Scenario: Find Doctor from western dental for zip code 94105" time="0"/>
</testsuite>